                                 Started job on |	Jul 26 05:06:43
                             Started mapping on |	Jul 26 05:10:57
                                    Finished on |	Jul 26 05:14:11
       Mapping speed, Million of reads per hour |	343.38

                          Number of input reads |	18504536
                      Average input read length |	100
                                    UNIQUE READS:
                   Uniquely mapped reads number |	16698239
                        Uniquely mapped reads % |	90.24%
                          Average mapped length |	99.56
                       Number of splices: Total |	5922887
            Number of splices: Annotated (sjdb) |	5905236
                       Number of splices: GT/AG |	5871111
                       Number of splices: GC/AG |	39465
                       Number of splices: AT/AC |	3800
               Number of splices: Non-canonical |	8511
                      Mismatch rate per base, % |	0.18%
                         Deletion rate per base |	0.01%
                        Deletion average length |	1.50
                        Insertion rate per base |	0.01%
                       Insertion average length |	1.25
                             MULTI-MAPPING READS:
        Number of reads mapped to multiple loci |	707660
             % of reads mapped to multiple loci |	3.82%
        Number of reads mapped to too many loci |	36654
             % of reads mapped to too many loci |	0.20%
                                  UNMAPPED READS:
  Number of reads unmapped: too many mismatches |	0
       % of reads unmapped: too many mismatches |	0.00%
            Number of reads unmapped: too short |	1051557
                 % of reads unmapped: too short |	5.68%
                Number of reads unmapped: other |	10426
                     % of reads unmapped: other |	0.06%
                                  CHIMERIC READS:
                       Number of chimeric reads |	0
                            % of chimeric reads |	0.00%
