                                 Started job on |	Jul 26 05:04:18
                             Started mapping on |	Jul 26 05:09:14
                                    Finished on |	Jul 26 05:13:38
       Mapping speed, Million of reads per hour |	363.38

                          Number of input reads |	26648140
                      Average input read length |	100
                                    UNIQUE READS:
                   Uniquely mapped reads number |	24265032
                        Uniquely mapped reads % |	91.06%
                          Average mapped length |	99.56
                       Number of splices: Total |	8573369
            Number of splices: Annotated (sjdb) |	8549085
                       Number of splices: GT/AG |	8499117
                       Number of splices: GC/AG |	56385
                       Number of splices: AT/AC |	5692
               Number of splices: Non-canonical |	12175
                      Mismatch rate per base, % |	0.18%
                         Deletion rate per base |	0.01%
                        Deletion average length |	1.48
                        Insertion rate per base |	0.01%
                       Insertion average length |	1.25
                             MULTI-MAPPING READS:
        Number of reads mapped to multiple loci |	1024196
             % of reads mapped to multiple loci |	3.84%
        Number of reads mapped to too many loci |	52707
             % of reads mapped to too many loci |	0.20%
                                  UNMAPPED READS:
  Number of reads unmapped: too many mismatches |	0
       % of reads unmapped: too many mismatches |	0.00%
            Number of reads unmapped: too short |	1290502
                 % of reads unmapped: too short |	4.84%
                Number of reads unmapped: other |	15703
                     % of reads unmapped: other |	0.06%
                                  CHIMERIC READS:
                       Number of chimeric reads |	0
                            % of chimeric reads |	0.00%
