                                 Started job on |	Jul 26 05:04:05
                             Started mapping on |	Jul 26 05:08:27
                                    Finished on |	Jul 26 05:12:24
       Mapping speed, Million of reads per hour |	313.31

                          Number of input reads |	20626513
                      Average input read length |	100
                                    UNIQUE READS:
                   Uniquely mapped reads number |	18786385
                        Uniquely mapped reads % |	91.08%
                          Average mapped length |	99.56
                       Number of splices: Total |	6712588
            Number of splices: Annotated (sjdb) |	6693887
                       Number of splices: GT/AG |	6658626
                       Number of splices: GC/AG |	41028
                       Number of splices: AT/AC |	3994
               Number of splices: Non-canonical |	8940
                      Mismatch rate per base, % |	0.18%
                         Deletion rate per base |	0.01%
                        Deletion average length |	1.46
                        Insertion rate per base |	0.01%
                       Insertion average length |	1.25
                             MULTI-MAPPING READS:
        Number of reads mapped to multiple loci |	746324
             % of reads mapped to multiple loci |	3.62%
        Number of reads mapped to too many loci |	44830
             % of reads mapped to too many loci |	0.22%
                                  UNMAPPED READS:
  Number of reads unmapped: too many mismatches |	0
       % of reads unmapped: too many mismatches |	0.00%
            Number of reads unmapped: too short |	1036378
                 % of reads unmapped: too short |	5.02%
                Number of reads unmapped: other |	12596
                     % of reads unmapped: other |	0.06%
                                  CHIMERIC READS:
                       Number of chimeric reads |	0
                            % of chimeric reads |	0.00%
