                                 Started job on |	Jul 26 05:04:58
                             Started mapping on |	Jul 26 05:09:32
                                    Finished on |	Jul 26 05:13:31
       Mapping speed, Million of reads per hour |	342.86

                          Number of input reads |	22762388
                      Average input read length |	100
                                    UNIQUE READS:
                   Uniquely mapped reads number |	20757353
                        Uniquely mapped reads % |	91.19%
                          Average mapped length |	99.58
                       Number of splices: Total |	7224083
            Number of splices: Annotated (sjdb) |	7202039
                       Number of splices: GT/AG |	7166155
                       Number of splices: GC/AG |	43868
                       Number of splices: AT/AC |	4390
               Number of splices: Non-canonical |	9670
                      Mismatch rate per base, % |	0.18%
                         Deletion rate per base |	0.01%
                        Deletion average length |	1.47
                        Insertion rate per base |	0.01%
                       Insertion average length |	1.24
                             MULTI-MAPPING READS:
        Number of reads mapped to multiple loci |	820680
             % of reads mapped to multiple loci |	3.61%
        Number of reads mapped to too many loci |	49475
             % of reads mapped to too many loci |	0.22%
                                  UNMAPPED READS:
  Number of reads unmapped: too many mismatches |	0
       % of reads unmapped: too many mismatches |	0.00%
            Number of reads unmapped: too short |	1120529
                 % of reads unmapped: too short |	4.92%
                Number of reads unmapped: other |	14351
                     % of reads unmapped: other |	0.06%
                                  CHIMERIC READS:
                       Number of chimeric reads |	0
                            % of chimeric reads |	0.00%
