                                 Started job on |	Jul 26 05:06:33
                             Started mapping on |	Jul 26 05:11:03
                                    Finished on |	Jul 26 05:14:37
       Mapping speed, Million of reads per hour |	320.13

                          Number of input reads |	19029812
                      Average input read length |	100
                                    UNIQUE READS:
                   Uniquely mapped reads number |	16587266
                        Uniquely mapped reads % |	87.16%
                          Average mapped length |	99.56
                       Number of splices: Total |	6006556
            Number of splices: Annotated (sjdb) |	5987944
                       Number of splices: GT/AG |	5955870
                       Number of splices: GC/AG |	38371
                       Number of splices: AT/AC |	3760
               Number of splices: Non-canonical |	8555
                      Mismatch rate per base, % |	0.18%
                         Deletion rate per base |	0.01%
                        Deletion average length |	1.48
                        Insertion rate per base |	0.01%
                       Insertion average length |	1.25
                             MULTI-MAPPING READS:
        Number of reads mapped to multiple loci |	721288
             % of reads mapped to multiple loci |	3.79%
        Number of reads mapped to too many loci |	38668
             % of reads mapped to too many loci |	0.20%
                                  UNMAPPED READS:
  Number of reads unmapped: too many mismatches |	0
       % of reads unmapped: too many mismatches |	0.00%
            Number of reads unmapped: too short |	1672046
                 % of reads unmapped: too short |	8.79%
                Number of reads unmapped: other |	10544
                     % of reads unmapped: other |	0.06%
                                  CHIMERIC READS:
                       Number of chimeric reads |	0
                            % of chimeric reads |	0.00%
